{
  "RSpec": {
    "coverage": {
      "C:/Users/jacha/Documents/sinatraGames/hangman/spec/hangman_game_spec.rb": [
        1,
        1,
        null,
        1,
        null,
        1,
        9,
        58,
        null,
        null,
        null,
        1,
        1,
        1,
        1,
        null,
        1,
        1,
        1,
        1,
        1,
        null,
        null,
        null,
        1,
        1,
        1,
        1,
        1,
        1,
        1,
        1,
        1,
        1,
        1,
        null,
        1,
        1,
        1,
        1,
        1,
        1,
        1,
        1,
        null,
        null,
        null,
        1,
        1,
        6,
        null,
        1,
        1,
        1,
        1,
        1,
        1,
        1,
        1,
        1,
        1,
        1,
        null,
        1,
        1,
        1,
        1,
        1,
        1,
        1,
        1,
        null,
        1,
        1,
        1,
        1,
        1,
        1,
        1,
        1,
        null,
        1,
        1,
        1,
        1,
        1,
        1,
        1,
        1,
        1,
        1,
        1,
        1,
        1,
        1,
        null,
        1,
        1,
        1,
        1,
        1,
        1,
        1,
        1,
        null,
        1,
        1,
        1,
        1,
        1,
        1,
        1,
        null,
        null,
        null,
        1,
        1,
        5,
        null,
        1,
        1,
        1,
        null,
        1,
        1,
        1,
        null,
        1,
        1,
        1,
        null,
        1,
        1,
        1,
        null,
        1,
        1,
        1,
        null,
        null,
        null,
        1,
        1,
        1,
        1,
        1,
        1,
        null,
        1,
        1,
        1,
        1,
        1,
        null,
        null,
        null
      ],
      "C:/Users/jacha/Documents/sinatraGames/hangman/lib/hangman_game.rb": [
        1,
        null,
        1,
        null,
        null,
        null,
        null,
        null,
        null,
        null,
        null,
        1,
        16,
        null,
        null,
        1,
        17,
        null,
        17,
        17,
        17,
        1098,
        17,
        17,
        null,
        1081,
        null,
        17,
        null,
        null,
        1,
        15,
        15,
        15,
        15,
        15,
        15,
        15,
        15,
        null,
        null,
        1,
        25,
        null,
        null,
        1,
        61,
        61,
        12,
        null,
        49,
        49,
        10,
        39,
        17,
        null,
        22,
        22,
        11,
        null,
        11,
        null,
        null,
        null,
        61,
        null,
        null,
        1,
        5,
        2,
        3,
        1,
        2,
        1,
        null,
        1,
        null,
        null,
        null,
        1,
        3,
        3,
        null,
        2,
        null,
        1,
        null,
        null,
        null,
        1,
        17,
        17,
        null,
        4,
        null,
        4,
        null,
        3,
        null,
        3,
        null,
        2,
        2,
        null,
        1,
        null,
        null,
        null,
        1,
        10,
        10,
        null,
        3,
        null,
        3,
        null,
        3,
        null,
        1,
        null,
        null,
        null,
        1,
        null,
        39,
        null,
        null,
        1,
        null,
        5,
        null,
        null,
        null,
        null,
        null,
        null
      ]
    },
    "timestamp": 1505367250
  }
}
